# JRE version: Java(TM) SE Runtime Environment (17.0.2+8) (build 17.0.2+8-LTS-86)
# Java VM: Java HotSpot(TM) 64-Bit Server VM (17.0.2+8-LTS-86, mixed mode, emulated-client, sharing, tiered, compressed oops, compressed class ptrs, g1 gc, windows-amd64)
GC Precious Log:
 CPUs: 4 total, 4 available
 Memory: 6094M
 Large Page Support: Disabled
 NUMA Support: Disabled
 Compressed Oops: Enabled (32-bit)
 Heap Region Size: 1M
 Heap Min Capacity: 8M
 Heap Initial Capacity: 96M
 Heap Max Capacity: 1524M
 Pre-touch: Disabled
 Parallel Workers: 4
 Concurrent Workers: 1
 Concurrent Refinement Workers: 4
 Periodic GC: Disabled
Heap:
 garbage-first heap   total 173056K, used 58169K [0x00000000a0c00000, 0x0000000100000000)
  region size 1024K, 3 young (3072K), 3 survivors (3072K)
 Metaspace       used 29823K, committed 30208K, reserved 1081344K
  class space    used 4366K, committed 4544K, reserved 1048576K
GC Heap History (20 events):
Event: 0.532 GC heap after
{Heap after GC invocations=1 (full 0):
 garbage-first heap   total 98304K, used 5307K [0x00000000a0c00000, 0x0000000100000000)
  region size 1024K, 2 young (2048K), 2 survivors (2048K)
 Metaspace       used 3265K, committed 3456K, reserved 1056768K
  class space    used 371K, committed 448K, reserved 1048576K
}
Event: 0.697 GC heap before
{Heap before GC invocations=1 (full 0):
 garbage-first heap   total 98304K, used 19643K [0x00000000a0c00000, 0x0000000100000000)
  region size 1024K, 14 young (14336K), 2 survivors (2048K)
 Metaspace       used 3472K, committed 3648K, reserved 1056768K
  class space    used 400K, committed 512K, reserved 1048576K
}
Event: 0.710 GC heap after
{Heap after GC invocations=2 (full 0):
 garbage-first heap   total 98304K, used 17936K [0x00000000a0c00000, 0x0000000100000000)
  region size 1024K, 2 young (2048K), 2 survivors (2048K)
 Metaspace       used 3472K, committed 3648K, reserved 1056768K
  class space    used 400K, committed 512K, reserved 1048576K
}
Event: 0.847 GC heap before
{Heap before GC invocations=2 (full 0):
 garbage-first heap   total 98304K, used 33296K [0x00000000a0c00000, 0x0000000100000000)
  region size 1024K, 17 young (17408K), 2 survivors (2048K)
 Metaspace       used 3695K, committed 3904K, reserved 1056768K
  class space    used 444K, committed 576K, reserved 1048576K
}
Event: 0.857 GC heap after
{Heap after GC invocations=3 (full 0):
 garbage-first heap   total 98304K, used 24576K [0x00000000a0c00000, 0x0000000100000000)
  region size 1024K, 3 young (3072K), 3 survivors (3072K)
 Metaspace       used 3695K, committed 3904K, reserved 1056768K
  class space    used 444K, committed 576K, reserved 1048576K
}
Event: 0.951 GC heap before
{Heap before GC invocations=3 (full 0):
 garbage-first heap   total 98304K, used 46080K [0x00000000a0c00000, 0x0000000100000000)
  region size 1024K, 24 young (24576K), 3 survivors (3072K)
 Metaspace       used 3696K, committed 3904K, reserved 1056768K
  class space    used 444K, committed 576K, reserved 1048576K
}
Event: 0.964 GC heap after
{Heap after GC invocations=4 (full 0):
 garbage-first heap   total 98304K, used 30703K [0x00000000a0c00000, 0x0000000100000000)
  region size 1024K, 3 young (3072K), 3 survivors (3072K)
 Metaspace       used 3696K, committed 3904K, reserved 1056768K
  class space    used 444K, committed 576K, reserved 1048576K
}
Event: 1.098 GC heap before
{Heap before GC invocations=4 (full 0):
 garbage-first heap   total 98304K, used 55279K [0x00000000a0c00000, 0x0000000100000000)
  region size 1024K, 28 young (28672K), 3 survivors (3072K)
 Metaspace       used 3787K, committed 4032K, reserved 1056768K
  class space    used 457K, committed 576K, reserved 1048576K
}
Event: 1.124 GC heap after
{Heap after GC invocations=5 (full 0):
 garbage-first heap   total 173056K, used 41951K [0x00000000a0c00000, 0x0000000100000000)
  region size 1024K, 4 young (4096K), 4 survivors (4096K)
 Metaspace       used 3787K, committed 4032K, reserved 1056768K
  class space    used 457K, committed 576K, reserved 1048576K
}
Event: 1.896 GC heap before
{Heap before GC invocations=5 (full 0):
 garbage-first heap   total 173056K, used 81887K [0x00000000a0c00000, 0x0000000100000000)
  region size 1024K, 43 young (44032K), 4 survivors (4096K)
 Metaspace       used 9958K, committed 10304K, reserved 1064960K
  class space    used 1296K, committed 1472K, reserved 1048576K
}
Event: 1.908 GC heap after
{Heap after GC invocations=6 (full 0):
 garbage-first heap   total 173056K, used 46418K [0x00000000a0c00000, 0x0000000100000000)
  region size 1024K, 4 young (4096K), 4 survivors (4096K)
 Metaspace       used 9958K, committed 10304K, reserved 1064960K
  class space    used 1296K, committed 1472K, reserved 1048576K
}
Event: 2.295 GC heap before
{Heap before GC invocations=6 (full 0):
 garbage-first heap   total 173056K, used 93522K [0x00000000a0c00000, 0x0000000100000000)
  region size 1024K, 51 young (52224K), 4 survivors (4096K)
 Metaspace       used 15276K, committed 15680K, reserved 1064960K
  class space    used 2035K, committed 2240K, reserved 1048576K
}
Event: 2.305 GC heap after
{Heap after GC invocations=7 (full 0):
 garbage-first heap   total 173056K, used 51044K [0x00000000a0c00000, 0x0000000100000000)
  region size 1024K, 5 young (5120K), 5 survivors (5120K)
 Metaspace       used 15276K, committed 15680K, reserved 1064960K
  class space    used 2035K, committed 2240K, reserved 1048576K
}
Event: 2.734 GC heap before
{Heap before GC invocations=7 (full 0):
 garbage-first heap   total 173056K, used 103268K [0x00000000a0c00000, 0x0000000100000000)
  region size 1024K, 58 young (59392K), 5 survivors (5120K)
 Metaspace       used 21174K, committed 21504K, reserved 1073152K
  class space    used 2828K, committed 3008K, reserved 1048576K
}
Event: 2.746 GC heap after
{Heap after GC invocations=8 (full 0):
 garbage-first heap   total 173056K, used 54978K [0x00000000a0c00000, 0x0000000100000000)
  region size 1024K, 9 young (9216K), 9 survivors (9216K)
 Metaspace       used 21174K, committed 21504K, reserved 1073152K
  class space    used 2828K, committed 3008K, reserved 1048576K
}
Event: 3.131 GC heap before
{Heap before GC invocations=9 (full 0):
 garbage-first heap   total 173056K, used 122562K [0x00000000a0c00000, 0x0000000100000000)
  region size 1024K, 77 young (78848K), 9 survivors (9216K)
 Metaspace       used 25064K, committed 25472K, reserved 1073152K
  class space    used 3605K, committed 3776K, reserved 1048576K
}
Event: 3.142 GC heap after
{Heap after GC invocations=10 (full 0):
 garbage-first heap   total 173056K, used 56666K [0x00000000a0c00000, 0x0000000100000000)
  region size 1024K, 8 young (8192K), 8 survivors (8192K)
 Metaspace       used 25064K, committed 25472K, reserved 1073152K
  class space    used 3605K, committed 3776K, reserved 1048576K
}
Event: 3.152 GC heap before
{Heap before GC invocations=10 (full 0):
 garbage-first heap   total 173056K, used 56666K [0x00000000a0c00000, 0x0000000100000000)
  region size 1024K, 9 young (9216K), 8 survivors (8192K)
 Metaspace       used 25262K, committed 25600K, reserved 1073152K
  class space    used 3639K, committed 3776K, reserved 1048576K
}
Event: 3.160 GC heap after
{Heap after GC invocations=11 (full 0):
 garbage-first heap   total 173056K, used 56607K [0x00000000a0c00000, 0x0000000100000000)
  region size 1024K, 2 young (2048K), 2 survivors (2048K)
 Metaspace       used 25262K, committed 25600K, reserved 1073152K
  class space    used 3639K, committed 3776K, reserved 1048576K
}
Event: 3.763 GC heap before
{Heap before GC invocations=11 (full 0):
 garbage-first heap   total 173056K, used 128287K [0x00000000a0c00000, 0x0000000100000000)
  region size 1024K, 73 young (74752K), 2 survivors (2048K)
 Metaspace       used 29823K, committed 30208K, reserved 1081344K
  class space    used 4366K, committed 4544K, reserved 1048576K
}

