# JRE version: Java(TM) SE Runtime Environment (17.0.2+8) (build 17.0.2+8-LTS-86)
# Java VM: Java HotSpot(TM) 64-Bit Server VM (17.0.2+8-LTS-86, mixed mode, emulated-client, sharing, tiered, compressed oops, compressed class ptrs, g1 gc, windows-amd64)
GC Precious Log:
 CPUs: 4 total, 4 available
 Memory: 6094M
 Large Page Support: Disabled
 NUMA Support: Disabled
 Compressed Oops: Enabled (32-bit)
 Heap Region Size: 1M
 Heap Min Capacity: 8M
 Heap Initial Capacity: 96M
 Heap Max Capacity: 1524M
 Pre-touch: Disabled
 Parallel Workers: 4
 Concurrent Workers: 1
 Concurrent Refinement Workers: 4
 Periodic GC: Disabled
Heap:
 garbage-first heap   total 196608K, used 60594K [0x00000000a0c00000, 0x0000000100000000)
  region size 1024K, 7 young (7168K), 7 survivors (7168K)
 Metaspace       used 32752K, committed 33280K, reserved 1081344K
  class space    used 4789K, committed 5056K, reserved 1048576K
GC Heap History (20 events):
Event: 0.579 GC heap after
{Heap after GC invocations=1 (full 0):
 garbage-first heap   total 98304K, used 5040K [0x00000000a0c00000, 0x0000000100000000)
  region size 1024K, 2 young (2048K), 2 survivors (2048K)
 Metaspace       used 3066K, committed 3264K, reserved 1056768K
  class space    used 348K, committed 448K, reserved 1048576K
}
Event: 0.742 GC heap before
{Heap before GC invocations=1 (full 0):
 garbage-first heap   total 98304K, used 19376K [0x00000000a0c00000, 0x0000000100000000)
  region size 1024K, 14 young (14336K), 2 survivors (2048K)
 Metaspace       used 3472K, committed 3648K, reserved 1056768K
  class space    used 400K, committed 512K, reserved 1048576K
}
Event: 0.752 GC heap after
{Heap after GC invocations=2 (full 0):
 garbage-first heap   total 98304K, used 17559K [0x00000000a0c00000, 0x0000000100000000)
  region size 1024K, 2 young (2048K), 2 survivors (2048K)
 Metaspace       used 3472K, committed 3648K, reserved 1056768K
  class space    used 400K, committed 512K, reserved 1048576K
}
Event: 0.889 GC heap before
{Heap before GC invocations=2 (full 0):
 garbage-first heap   total 98304K, used 31895K [0x00000000a0c00000, 0x0000000100000000)
  region size 1024K, 17 young (17408K), 2 survivors (2048K)
 Metaspace       used 3695K, committed 3904K, reserved 1056768K
  class space    used 444K, committed 576K, reserved 1048576K
}
Event: 0.902 GC heap after
{Heap after GC invocations=3 (full 0):
 garbage-first heap   total 98304K, used 24064K [0x00000000a0c00000, 0x0000000100000000)
  region size 1024K, 3 young (3072K), 3 survivors (3072K)
 Metaspace       used 3695K, committed 3904K, reserved 1056768K
  class space    used 444K, committed 576K, reserved 1048576K
}
Event: 0.991 GC heap before
{Heap before GC invocations=3 (full 0):
 garbage-first heap   total 98304K, used 45568K [0x00000000a0c00000, 0x0000000100000000)
  region size 1024K, 24 young (24576K), 3 survivors (3072K)
 Metaspace       used 3696K, committed 3904K, reserved 1056768K
  class space    used 444K, committed 576K, reserved 1048576K
}
Event: 1.003 GC heap after
{Heap after GC invocations=4 (full 0):
 garbage-first heap   total 98304K, used 29696K [0x00000000a0c00000, 0x0000000100000000)
  region size 1024K, 3 young (3072K), 3 survivors (3072K)
 Metaspace       used 3696K, committed 3904K, reserved 1056768K
  class space    used 444K, committed 576K, reserved 1048576K
}
Event: 1.135 GC heap before
{Heap before GC invocations=4 (full 0):
 garbage-first heap   total 98304K, used 56320K [0x00000000a0c00000, 0x0000000100000000)
  region size 1024K, 29 young (29696K), 3 survivors (3072K)
 Metaspace       used 3787K, committed 4032K, reserved 1056768K
  class space    used 457K, committed 576K, reserved 1048576K
}
Event: 1.160 GC heap after
{Heap after GC invocations=5 (full 0):
 garbage-first heap   total 98304K, used 41469K [0x00000000a0c00000, 0x0000000100000000)
  region size 1024K, 4 young (4096K), 4 survivors (4096K)
 Metaspace       used 3787K, committed 4032K, reserved 1056768K
  class space    used 457K, committed 576K, reserved 1048576K
}
Event: 1.591 GC heap before
{Heap before GC invocations=5 (full 0):
 garbage-first heap   total 98304K, used 60925K [0x00000000a0c00000, 0x0000000100000000)
  region size 1024K, 23 young (23552K), 4 survivors (4096K)
 Metaspace       used 7085K, committed 7360K, reserved 1056768K
  class space    used 944K, committed 1088K, reserved 1048576K
}
Event: 1.603 GC heap after
{Heap after GC invocations=6 (full 0):
 garbage-first heap   total 196608K, used 44410K [0x00000000a0c00000, 0x0000000100000000)
  region size 1024K, 3 young (3072K), 3 survivors (3072K)
 Metaspace       used 7085K, committed 7360K, reserved 1056768K
  class space    used 944K, committed 1088K, reserved 1048576K
}
Event: 2.078 GC heap before
{Heap before GC invocations=6 (full 0):
 garbage-first heap   total 196608K, used 102778K [0x00000000a0c00000, 0x0000000100000000)
  region size 1024K, 60 young (61440K), 3 survivors (3072K)
 Metaspace       used 11896K, committed 12224K, reserved 1064960K
  class space    used 1600K, committed 1728K, reserved 1048576K
}
Event: 2.088 GC heap after
{Heap after GC invocations=7 (full 0):
 garbage-first heap   total 196608K, used 47722K [0x00000000a0c00000, 0x0000000100000000)
  region size 1024K, 6 young (6144K), 6 survivors (6144K)
 Metaspace       used 11896K, committed 12224K, reserved 1064960K
  class space    used 1600K, committed 1728K, reserved 1048576K
}
Event: 2.745 GC heap before
{Heap before GC invocations=7 (full 0):
 garbage-first heap   total 196608K, used 126570K [0x00000000a0c00000, 0x0000000100000000)
  region size 1024K, 84 young (86016K), 6 survivors (6144K)
 Metaspace       used 21173K, committed 21504K, reserved 1073152K
  class space    used 2837K, committed 3008K, reserved 1048576K
}
Event: 2.758 GC heap after
{Heap after GC invocations=8 (full 0):
 garbage-first heap   total 196608K, used 53248K [0x00000000a0c00000, 0x0000000100000000)
  region size 1024K, 11 young (11264K), 11 survivors (11264K)
 Metaspace       used 21173K, committed 21504K, reserved 1073152K
  class space    used 2837K, committed 3008K, reserved 1048576K
}
Event: 3.368 GC heap before
{Heap before GC invocations=9 (full 0):
 garbage-first heap   total 194560K, used 142336K [0x00000000a0c00000, 0x0000000100000000)
  region size 1024K, 100 young (102400K), 11 survivors (11264K)
 Metaspace       used 26831K, committed 27328K, reserved 1073152K
  class space    used 3903K, committed 4160K, reserved 1048576K
}
Event: 3.382 GC heap after
{Heap after GC invocations=10 (full 0):
 garbage-first heap   total 194560K, used 55955K [0x00000000a0c00000, 0x0000000100000000)
  region size 1024K, 10 young (10240K), 10 survivors (10240K)
 Metaspace       used 26831K, committed 27328K, reserved 1073152K
  class space    used 3903K, committed 4160K, reserved 1048576K
}
Event: 3.387 GC heap before
{Heap before GC invocations=10 (full 0):
 garbage-first heap   total 194560K, used 56979K [0x00000000a0c00000, 0x0000000100000000)
  region size 1024K, 11 young (11264K), 10 survivors (10240K)
 Metaspace       used 26833K, committed 27328K, reserved 1073152K
  class space    used 3903K, committed 4160K, reserved 1048576K
}
Event: 3.397 GC heap after
{Heap after GC invocations=11 (full 0):
 garbage-first heap   total 194560K, used 55441K [0x00000000a0c00000, 0x0000000100000000)
  region size 1024K, 2 young (2048K), 2 survivors (2048K)
 Metaspace       used 26833K, committed 27328K, reserved 1073152K
  class space    used 3903K, committed 4160K, reserved 1048576K
}
Event: 4.144 GC heap before
{Heap before GC invocations=11 (full 0):
 garbage-first heap   total 194560K, used 146577K [0x00000000a0c00000, 0x0000000100000000)
  region size 1024K, 92 young (94208K), 2 survivors (2048K)
 Metaspace       used 32752K, committed 33280K, reserved 1081344K
  class space    used 4789K, committed 5056K, reserved 1048576K
}

